<?xml version="1.0" encoding="UTF-8"?>
<!-- Generated by org.testng.reporters.JUnitXMLReporter -->
<testsuite ignored="0" hostname="LAPTOP-D3PIV0PK" failures="0" tests="6" name="Test Case-1" time="46.291" errors="0" timestamp="2022-05-12T18:51:39 EDT">
  <testcase classname="com.learn4earn.assignments.RediffValidationTestNGxml" name="initializeWebDriver" time="2.397"/>
  <testcase classname="com.learn4earn.assignments.RediffValidationTestNGxml" name="launchRediff" time="4.362"/>
  <testcase classname="com.learn4earn.assignments.RediffValidationTestNGxml" name="signIn" time="7.032"/>
  <testcase classname="com.learn4earn.assignments.RediffValidationTestNGxml" name="logOut" time="5.256"/>
  <testcase classname="com.learn4earn.assignments.RediffValidationTestNGxml" name="rediffHome" time="27.015"/>
  <testcase classname="com.learn4earn.assignments.RediffValidationTestNGxml" name="closeWebDriver" time="0.144"/>
</testsuite> <!-- Test Case-1 -->
