<?xml version="1.0" encoding="UTF-8"?>
<!-- Generated by org.testng.reporters.JUnitXMLReporter -->
<testsuite hostname="LAPTOP-D3PIV0PK" ignored="2" name="Test(failed)(failed)" tests="2" failures="1" timestamp="28 May 2022 18:35:30 GMT" time="0.22" errors="0">
  <testcase name="submitLoginCredentials" time="0.134" classname="maven_surefire_compile_plugins.Login"/>
  <testcase name="enterUserDetails" time="0.006" classname="maven_surefire_compile_plugins.RegisterUser">
    <failure type="java.lang.AssertionError" message="Failed purposely using Assert Fail">
      <![CDATA[java.lang.AssertionError: Failed purposely using Assert Fail
at maven_surefire_compile_plugins.RegisterUser.enterUserDetails(RegisterUser.java:11)
... Removed 30 stack frames]]>
    </failure>
  </testcase> <!-- enterUserDetails -->
  <testcase name="enterLoginCredentials" time="0.0" classname="maven_surefire_compile_plugins.Login">
    <ignored/>
  </testcase> <!-- enterLoginCredentials -->
  <testcase name="submitUserDetails" time="0.0" classname="maven_surefire_compile_plugins.RegisterUser">
    <ignored/>
  </testcase> <!-- submitUserDetails -->
</testsuite> <!-- Test(failed)(failed) -->
